<?xml version="1.0" encoding="UTF-8"?>
<!-- Generated by org.testng.reporters.JUnitReportReporter -->
<testsuite hostname="Md-Ebrahim" failures="0" tests="1" name="com.ebrahim.hossain.tabwindow.WindowHandling" time="16.137" errors="0" timestamp="2024-06-08T11:56:57 EDT" skipped="0">
  <testcase classname="com.ebrahim.hossain.tabwindow.WindowHandling" name="windowHandling" time="16.137"/>
</testsuite> <!-- com.ebrahim.hossain.tabwindow.WindowHandling -->
