<?xml version="1.0" encoding="UTF-8"?>
<!-- Generated by org.testng.reporters.JUnitReportReporter -->
<testsuite hostname="Md-Ebrahim" failures="0" tests="1" name="com.ebrahim.hossain.locators.LocateByPartialLinkText" time="6.156" errors="0" timestamp="2024-05-26T12:09:44 EDT" skipped="0">
  <testcase classname="com.ebrahim.hossain.locators.LocateByPartialLinkText" name="locateByPartialLink" time="6.156"/>
</testsuite> <!-- com.ebrahim.hossain.locators.LocateByPartialLinkText -->
