<?xml version="1.0" encoding="UTF-8"?>
<!-- Generated by org.testng.reporters.JUnitReportReporter -->
<testsuite hostname="Md-Ebrahim" failures="0" tests="3" name="com.ebrahim.hossain.Testh" time="0.013" errors="0" timestamp="2024-05-26T11:02:37 EDT" skipped="0">
  <testcase classname="com.ebrahim.hossain.Testh" name="secondTest" time="0.010"/>
  <testcase classname="com.ebrahim.hossain.Testh" name="thirdTest" time="0.001"/>
  <testcase classname="com.ebrahim.hossain.Testh" name="firstTest" time="0.002"/>
</testsuite> <!-- com.ebrahim.hossain.Testh -->
