<?xml version="1.0" encoding="UTF-8"?>
<!-- Generated by org.testng.reporters.JUnitReportReporter -->
<testsuite hostname="Md-Ebrahim" failures="0" tests="1" name="com.ebrahim.hossain.webelements.WebPages" time="60.210" errors="0" timestamp="2024-06-01T11:58:02 EDT" skipped="0">
  <testcase classname="com.ebrahim.hossain.webelements.WebPages" name="navigationTest" time="60.210"/>
</testsuite> <!-- com.ebrahim.hossain.webelements.WebPages -->
