<?xml version="1.0" encoding="UTF-8"?>
<!-- Generated by org.testng.reporters.JUnitReportReporter -->
<testsuite hostname="Md-Ebrahim" failures="0" tests="1" name="com.ebrahim.hossain.LocatorExamples" time="5.114" errors="0" timestamp="2024-05-26T11:45:11 EDT" skipped="0">
  <testcase classname="com.ebrahim.hossain.LocatorExamples" name="locateByID" time="5.114"/>
</testsuite> <!-- com.ebrahim.hossain.LocatorExamples -->
