<?xml version="1.0" encoding="UTF-8"?>
<!-- Generated by org.testng.reporters.JUnitReportReporter -->
<testsuite hostname="Md-Ebrahim" failures="0" tests="2" name="com.ebrahim.hossain.TestNGExamples" time="0.007" errors="0" timestamp="2024-05-26T11:25:45 EDT" skipped="0">
  <testcase classname="com.ebrahim.hossain.TestNGExamples" name="testExample2" time="0.006"/>
  <testcase classname="com.ebrahim.hossain.TestNGExamples" name="testExample" time="0.001"/>
</testsuite> <!-- com.ebrahim.hossain.TestNGExamples -->
