<?xml version="1.0" encoding="UTF-8"?>
<!-- Generated by org.testng.reporters.JUnitReportReporter -->
<testsuite hostname="Md-Ebrahim" failures="0" tests="1" name="com.ebrahim.hossain.locators.LocateByCssSelector" time="12.982" errors="0" timestamp="2024-05-26T12:01:43 EDT" skipped="0">
  <testcase classname="com.ebrahim.hossain.locators.LocateByCssSelector" name="locateByCss" time="12.982"/>
</testsuite> <!-- com.ebrahim.hossain.locators.LocateByCssSelector -->
