<?xml version="1.0" encoding="UTF-8"?>
<!-- Generated by org.testng.reporters.JUnitReportReporter -->
<testsuite hostname="Md-Ebrahim" failures="0" tests="1" name="com.ebrahim.hossain.locators.LocateByClassName" time="13.137" errors="0" timestamp="2024-05-26T11:55:46 EDT" skipped="0">
  <testcase classname="com.ebrahim.hossain.locators.LocateByClassName" name="locateByName" time="13.137"/>
</testsuite> <!-- com.ebrahim.hossain.locators.LocateByClassName -->
