<?xml version="1.0" encoding="UTF-8"?>
<!-- Generated by org.testng.reporters.JUnitReportReporter -->
<testsuite hostname="Md-Ebrahim" failures="0" tests="1" name="com.ebrahim.hossain.mouse.MouseHover" time="18.103" errors="0" timestamp="2024-06-02T12:18:43 EDT" skipped="0">
  <testcase classname="com.ebrahim.hossain.mouse.MouseHover" name="hover" time="18.103"/>
</testsuite> <!-- com.ebrahim.hossain.mouse.MouseHover -->
