<?xml version="1.0" encoding="UTF-8"?>
<!-- Generated by org.testng.reporters.JUnitReportReporter -->
<testsuite hostname="Md-Ebrahim" failures="0" tests="1" name="com.ebrahim.hossain.alerts.AlertExamples" time="31.306" errors="0" timestamp="2024-06-02T12:02:23 EDT" skipped="0">
  <testcase classname="com.ebrahim.hossain.alerts.AlertExamples" name="alertExample3" time="31.306"/>
</testsuite> <!-- com.ebrahim.hossain.alerts.AlertExamples -->
