<?xml version="1.0" encoding="UTF-8"?>
<!-- Generated by org.testng.reporters.JUnitReportReporter -->
<testsuite hostname="Md-Ebrahim" failures="0" tests="1" name="com.ebrahim.hossain.webelements.BrowserCommands" time="3.490" errors="0" timestamp="2024-06-01T12:06:23 EDT" skipped="0">
  <testcase classname="com.ebrahim.hossain.webelements.BrowserCommands" name="browserCommandExamples" time="3.490"/>
</testsuite> <!-- com.ebrahim.hossain.webelements.BrowserCommands -->
