<?xml version="1.0" encoding="UTF-8"?>
<!-- Generated by org.testng.reporters.JUnitReportReporter -->
<testsuite hostname="Md-Ebrahim" failures="0" tests="1" name="com.ebrahim.hossain.locators.RelativeXpathExamples" time="34.347" errors="0" timestamp="2024-06-01T11:36:43 EDT" skipped="0">
  <testcase classname="com.ebrahim.hossain.locators.RelativeXpathExamples" name="relativeXpathExample2" time="34.347"/>
</testsuite> <!-- com.ebrahim.hossain.locators.RelativeXpathExamples -->
