<?xml version="1.0" encoding="UTF-8"?>
<!-- Generated by org.testng.reporters.JUnitReportReporter -->
<testsuite hostname="Md-Ebrahim" failures="0" tests="1" name="com.ebrahim.hossain.OpenUrl" time="7.524" errors="0" timestamp="2024-05-25T12:03:53 EDT" skipped="0">
  <testcase classname="com.ebrahim.hossain.OpenUrl" name="open" time="7.524"/>
</testsuite> <!-- com.ebrahim.hossain.OpenUrl -->
