<?xml version="1.0" encoding="UTF-8"?>
<!-- Generated by org.testng.reporters.JUnitReportReporter -->
<testsuite hostname="Md-Ebrahim" failures="0" tests="1" name="com.ebrahim.hossain.keyboard.KeyBoardEvents" time="6.205" errors="0" timestamp="2024-06-02T12:52:37 EDT" skipped="0">
  <testcase classname="com.ebrahim.hossain.keyboard.KeyBoardEvents" name="copyAndPaste" time="6.205"/>
</testsuite> <!-- com.ebrahim.hossain.keyboard.KeyBoardEvents -->
