<?xml version="1.0" encoding="UTF-8"?>
<!-- Generated by org.testng.reporters.JUnitReportReporter -->
<testsuite hostname="Md-Ebrahim" failures="0" tests="1" name="com.ebrahim.hossain.tabwindow.TabHandling" time="15.658" errors="0" timestamp="2024-06-08T11:55:38 EDT" skipped="0">
  <testcase classname="com.ebrahim.hossain.tabwindow.TabHandling" name="tab" time="15.658"/>
</testsuite> <!-- com.ebrahim.hossain.tabwindow.TabHandling -->
