<?xml version="1.0" encoding="UTF-8"?>
<!-- Generated by org.testng.reporters.JUnitReportReporter -->
<testsuite hostname="Md-Ebrahim" failures="0" tests="1" name="com.ebrahim.hossain.iframes.IframeHandling" time="3.470" errors="0" timestamp="2024-06-08T11:42:39 EDT" skipped="0">
  <testcase classname="com.ebrahim.hossain.iframes.IframeHandling" name="switchToFrame" time="3.470"/>
</testsuite> <!-- com.ebrahim.hossain.iframes.IframeHandling -->
