<?xml version="1.0" encoding="UTF-8"?>
<!-- Generated by org.testng.reporters.JUnitReportReporter -->
<testsuite hostname="Md-Ebrahim" failures="0" tests="1" name="com.ebrahim.hossain.locators.LocateByTagName" time="0.041" errors="0" timestamp="2024-05-26T12:12:36 EDT" skipped="0">
  <testcase classname="com.ebrahim.hossain.locators.LocateByTagName" name="locateByTagName" time="0.041"/>
</testsuite> <!-- com.ebrahim.hossain.locators.LocateByTagName -->
