<?xml version="1.0" encoding="UTF-8"?>
<!-- Generated by org.testng.reporters.JUnitReportReporter -->
<testsuite hostname="Md-Ebrahim" failures="0" tests="3" name="com.ebrahim.hossain.scroll.ScrollExamples" time="15.091" errors="0" timestamp="2024-06-02T12:41:05 EDT" skipped="0">
  <testcase classname="com.ebrahim.hossain.scroll.ScrollExamples" name="scrollDown" time="5.036"/>
  <testcase classname="com.ebrahim.hossain.scroll.ScrollExamples" name="scrollUp" time="5.019"/>
  <testcase classname="com.ebrahim.hossain.scroll.ScrollExamples" name="scrollSpecific" time="5.036"/>
</testsuite> <!-- com.ebrahim.hossain.scroll.ScrollExamples -->
